{"C:\\Users\\CHISTEV\\Documents\\arrow-duh-game\\src\\App.jsx": {"path":"C:\\Users\\CHISTEV\\Documents\\arrow-duh-game\\src\\App.jsx","all":false,"statementMap":{"0":{"start":{"line":1,"column":0},"end":{"line":1,"column":51}},"1":{"start":{"line":2,"column":0},"end":{"line":2,"column":37}},"2":{"start":{"line":3,"column":0},"end":{"line":3,"column":37}},"3":{"start":{"line":4,"column":0},"end":{"line":4,"column":45}},"4":{"start":{"line":5,"column":0},"end":{"line":5,"column":43}},"6":{"start":{"line":7,"column":0},"end":{"line":7,"column":31}},"8":{"start":{"line":9,"column":0},"end":{"line":9,"column":61}},"9":{"start":{"line":10,"column":0},"end":{"line":10,"column":44}},"10":{"start":{"line":11,"column":0},"end":{"line":11,"column":44}},"11":{"start":{"line":12,"column":0},"end":{"line":12,"column":57}},"12":{"start":{"line":13,"column":0},"end":{"line":13,"column":21}},"13":{"start":{"line":14,"column":0},"end":{"line":14,"column":30}},"14":{"start":{"line":15,"column":0},"end":{"line":15,"column":55}},"15":{"start":{"line":16,"column":0},"end":{"line":16,"column":5}},"16":{"start":{"line":17,"column":0},"end":{"line":17,"column":40}},"17":{"start":{"line":18,"column":0},"end":{"line":18,"column":49}},"18":{"start":{"line":19,"column":0},"end":{"line":19,"column":48}},"19":{"start":{"line":20,"column":0},"end":{"line":20,"column":52}},"20":{"start":{"line":21,"column":0},"end":{"line":21,"column":40}},"23":{"start":{"line":24,"column":0},"end":{"line":24,"column":19}},"24":{"start":{"line":25,"column":0},"end":{"line":25,"column":61}},"25":{"start":{"line":26,"column":0},"end":{"line":26,"column":14}},"27":{"start":{"line":28,"column":0},"end":{"line":28,"column":30}},"28":{"start":{"line":29,"column":0},"end":{"line":29,"column":28}},"29":{"start":{"line":30,"column":0},"end":{"line":30,"column":18}},"30":{"start":{"line":31,"column":0},"end":{"line":31,"column":60}},"31":{"start":{"line":32,"column":0},"end":{"line":32,"column":18}},"32":{"start":{"line":33,"column":0},"end":{"line":33,"column":16}},"33":{"start":{"line":34,"column":0},"end":{"line":34,"column":15}},"34":{"start":{"line":35,"column":0},"end":{"line":35,"column":47}},"35":{"start":{"line":36,"column":0},"end":{"line":36,"column":23}},"36":{"start":{"line":37,"column":0},"end":{"line":37,"column":29}},"37":{"start":{"line":38,"column":0},"end":{"line":38,"column":25}},"38":{"start":{"line":39,"column":0},"end":{"line":39,"column":31}},"39":{"start":{"line":40,"column":0},"end":{"line":40,"column":25}},"40":{"start":{"line":41,"column":0},"end":{"line":41,"column":31}},"41":{"start":{"line":42,"column":0},"end":{"line":42,"column":31}},"42":{"start":{"line":43,"column":0},"end":{"line":43,"column":37}},"43":{"start":{"line":44,"column":0},"end":{"line":44,"column":33}},"44":{"start":{"line":45,"column":0},"end":{"line":45,"column":39}},"45":{"start":{"line":46,"column":0},"end":{"line":46,"column":37}},"46":{"start":{"line":47,"column":0},"end":{"line":47,"column":25}},"47":{"start":{"line":48,"column":0},"end":{"line":48,"column":31}},"48":{"start":{"line":49,"column":0},"end":{"line":49,"column":12}},"50":{"start":{"line":51,"column":0},"end":{"line":51,"column":22}},"51":{"start":{"line":52,"column":0},"end":{"line":52,"column":16}},"52":{"start":{"line":53,"column":0},"end":{"line":53,"column":19}},"53":{"start":{"line":54,"column":0},"end":{"line":54,"column":23}},"54":{"start":{"line":55,"column":0},"end":{"line":55,"column":29}},"55":{"start":{"line":56,"column":0},"end":{"line":56,"column":31}},"56":{"start":{"line":57,"column":0},"end":{"line":57,"column":37}},"57":{"start":{"line":58,"column":0},"end":{"line":58,"column":47}},"58":{"start":{"line":59,"column":0},"end":{"line":59,"column":37}},"59":{"start":{"line":60,"column":0},"end":{"line":60,"column":43}},"60":{"start":{"line":61,"column":0},"end":{"line":61,"column":31}},"61":{"start":{"line":62,"column":0},"end":{"line":62,"column":12}},"63":{"start":{"line":64,"column":0},"end":{"line":64,"column":21}},"64":{"start":{"line":65,"column":0},"end":{"line":65,"column":16}},"65":{"start":{"line":66,"column":0},"end":{"line":66,"column":18}},"66":{"start":{"line":67,"column":0},"end":{"line":67,"column":25}},"67":{"start":{"line":68,"column":0},"end":{"line":68,"column":31}},"68":{"start":{"line":69,"column":0},"end":{"line":69,"column":31}},"69":{"start":{"line":70,"column":0},"end":{"line":70,"column":47}},"70":{"start":{"line":71,"column":0},"end":{"line":71,"column":23}},"71":{"start":{"line":72,"column":0},"end":{"line":72,"column":25}},"72":{"start":{"line":73,"column":0},"end":{"line":73,"column":31}},"73":{"start":{"line":74,"column":0},"end":{"line":74,"column":12}},"75":{"start":{"line":76,"column":0},"end":{"line":76,"column":14}},"76":{"start":{"line":77,"column":0},"end":{"line":77,"column":60}},"77":{"start":{"line":78,"column":0},"end":{"line":78,"column":5}},"78":{"start":{"line":79,"column":0},"end":{"line":79,"column":4}},"80":{"start":{"line":81,"column":0},"end":{"line":81,"column":75}},"81":{"start":{"line":82,"column":0},"end":{"line":82,"column":1}}},"s":{"0":1,"1":1,"2":1,"3":1,"4":1,"6":10,"8":10,"9":10,"10":10,"11":7,"12":7,"13":6,"14":1,"15":10,"16":10,"17":10,"18":10,"19":10,"20":10,"23":10,"24":7,"25":10,"27":10,"28":10,"29":10,"30":7,"31":10,"32":1,"33":1,"34":1,"35":1,"36":1,"37":1,"38":1,"39":1,"40":1,"41":1,"42":1,"43":1,"44":1,"45":1,"46":1,"47":1,"48":1,"50":10,"51":1,"52":1,"53":1,"54":1,"55":1,"56":1,"57":1,"58":1,"59":1,"60":1,"61":1,"63":10,"64":1,"65":1,"66":1,"67":1,"68":1,"69":1,"70":1,"71":1,"72":1,"73":1,"75":10,"76":0,"77":10,"78":10,"80":10,"81":10},"branchMap":{"0":{"type":"branch","line":7,"loc":{"start":{"line":7,"column":0},"end":{"line":82,"column":1}},"locations":[{"start":{"line":7,"column":0},"end":{"line":82,"column":1}}]},"1":{"type":"branch","line":11,"loc":{"start":{"line":11,"column":37},"end":{"line":16,"column":3}},"locations":[{"start":{"line":11,"column":37},"end":{"line":16,"column":3}}]},"2":{"type":"branch","line":13,"loc":{"start":{"line":13,"column":11},"end":{"line":14,"column":30}},"locations":[{"start":{"line":13,"column":11},"end":{"line":14,"column":30}}]},"3":{"type":"branch","line":14,"loc":{"start":{"line":14,"column":29},"end":{"line":15,"column":55}},"locations":[{"start":{"line":14,"column":29},"end":{"line":15,"column":55}}]},"4":{"type":"branch","line":24,"loc":{"start":{"line":24,"column":12},"end":{"line":26,"column":5}},"locations":[{"start":{"line":24,"column":12},"end":{"line":26,"column":5}}]},"5":{"type":"branch","line":28,"loc":{"start":{"line":28,"column":23},"end":{"line":79,"column":4}},"locations":[{"start":{"line":28,"column":23},"end":{"line":79,"column":4}}]},"6":{"type":"branch","line":30,"loc":{"start":{"line":30,"column":6},"end":{"line":31,"column":60}},"locations":[{"start":{"line":30,"column":6},"end":{"line":31,"column":60}}]},"7":{"type":"branch","line":32,"loc":{"start":{"line":32,"column":6},"end":{"line":49,"column":12}},"locations":[{"start":{"line":32,"column":6},"end":{"line":49,"column":12}}]},"8":{"type":"branch","line":51,"loc":{"start":{"line":51,"column":6},"end":{"line":62,"column":12}},"locations":[{"start":{"line":51,"column":6},"end":{"line":62,"column":12}}]},"9":{"type":"branch","line":64,"loc":{"start":{"line":64,"column":6},"end":{"line":74,"column":12}},"locations":[{"start":{"line":64,"column":6},"end":{"line":74,"column":12}}]},"10":{"type":"branch","line":76,"loc":{"start":{"line":76,"column":6},"end":{"line":77,"column":60}},"locations":[{"start":{"line":76,"column":6},"end":{"line":77,"column":60}}]}},"b":{"0":[10],"1":[7],"2":[6],"3":[1],"4":[7],"5":[10],"6":[7],"7":[1],"8":[1],"9":[1],"10":[0]},"fnMap":{"0":{"name":"App","decl":{"start":{"line":7,"column":0},"end":{"line":82,"column":1}},"loc":{"start":{"line":7,"column":0},"end":{"line":82,"column":1}},"line":7},"1":{"name":"renderScreen","decl":{"start":{"line":28,"column":23},"end":{"line":79,"column":4}},"loc":{"start":{"line":28,"column":23},"end":{"line":79,"column":4}},"line":28}},"f":{"0":10,"1":10}}
,"C:\\Users\\CHISTEV\\Documents\\arrow-duh-game\\src\\main.jsx": {"path":"C:\\Users\\CHISTEV\\Documents\\arrow-duh-game\\src\\main.jsx","all":true,"statementMap":{"0":{"start":{"line":1,"column":0},"end":{"line":1,"column":34}},"1":{"start":{"line":2,"column":0},"end":{"line":2,"column":45}},"2":{"start":{"line":3,"column":0},"end":{"line":3,"column":20}},"3":{"start":{"line":4,"column":0},"end":{"line":4,"column":27}},"5":{"start":{"line":6,"column":0},"end":{"line":6,"column":51}},"6":{"start":{"line":7,"column":0},"end":{"line":7,"column":14}},"7":{"start":{"line":8,"column":0},"end":{"line":8,"column":11}},"8":{"start":{"line":9,"column":0},"end":{"line":9,"column":16}},"9":{"start":{"line":10,"column":0},"end":{"line":10,"column":1}}},"s":{"0":0,"1":0,"2":0,"3":0,"5":0,"6":0,"7":0,"8":0,"9":0},"branchMap":{"0":{"type":"branch","line":1,"loc":{"start":{"line":1,"column":202},"end":{"line":10,"column":-147}},"locations":[{"start":{"line":1,"column":202},"end":{"line":10,"column":-147}}]}},"b":{"0":[0]},"fnMap":{"0":{"name":"(empty-report)","decl":{"start":{"line":1,"column":202},"end":{"line":10,"column":-147}},"loc":{"start":{"line":1,"column":202},"end":{"line":10,"column":-147}},"line":1}},"f":{"0":0}}
,"C:\\Users\\CHISTEV\\Documents\\arrow-duh-game\\src\\components\\Game.jsx": {"path":"C:\\Users\\CHISTEV\\Documents\\arrow-duh-game\\src\\components\\Game.jsx","all":true,"statementMap":{"0":{"start":{"line":1,"column":0},"end":{"line":1,"column":81}},"1":{"start":{"line":2,"column":0},"end":{"line":2,"column":32}},"2":{"start":{"line":3,"column":0},"end":{"line":3,"column":36}},"3":{"start":{"line":4,"column":0},"end":{"line":4,"column":32}},"4":{"start":{"line":5,"column":0},"end":{"line":5,"column":103}},"5":{"start":{"line":6,"column":0},"end":{"line":6,"column":69}},"7":{"start":{"line":8,"column":0},"end":{"line":8,"column":21}},"8":{"start":{"line":9,"column":0},"end":{"line":9,"column":11}},"9":{"start":{"line":10,"column":0},"end":{"line":10,"column":15}},"10":{"start":{"line":11,"column":0},"end":{"line":11,"column":17}},"11":{"start":{"line":12,"column":0},"end":{"line":12,"column":19}},"12":{"start":{"line":13,"column":0},"end":{"line":13,"column":16}},"13":{"start":{"line":14,"column":0},"end":{"line":14,"column":10}},"14":{"start":{"line":15,"column":0},"end":{"line":15,"column":18}},"15":{"start":{"line":16,"column":0},"end":{"line":16,"column":15}},"16":{"start":{"line":17,"column":0},"end":{"line":17,"column":13}},"17":{"start":{"line":18,"column":0},"end":{"line":18,"column":15}},"18":{"start":{"line":19,"column":0},"end":{"line":19,"column":15}},"19":{"start":{"line":20,"column":0},"end":{"line":20,"column":13}},"20":{"start":{"line":21,"column":0},"end":{"line":21,"column":13}},"21":{"start":{"line":22,"column":0},"end":{"line":22,"column":15}},"22":{"start":{"line":23,"column":0},"end":{"line":23,"column":19}},"23":{"start":{"line":24,"column":0},"end":{"line":24,"column":2}},"25":{"start":{"line":26,"column":0},"end":{"line":26,"column":22}},"26":{"start":{"line":27,"column":0},"end":{"line":27,"column":21}},"27":{"start":{"line":28,"column":0},"end":{"line":28,"column":15}},"28":{"start":{"line":29,"column":0},"end":{"line":29,"column":15}},"29":{"start":{"line":30,"column":0},"end":{"line":30,"column":27}},"30":{"start":{"line":31,"column":0},"end":{"line":31,"column":25}},"31":{"start":{"line":32,"column":0},"end":{"line":32,"column":11}},"32":{"start":{"line":33,"column":0},"end":{"line":33,"column":22}},"33":{"start":{"line":34,"column":0},"end":{"line":34,"column":23}},"34":{"start":{"line":35,"column":0},"end":{"line":35,"column":18}},"35":{"start":{"line":36,"column":0},"end":{"line":36,"column":17}},"36":{"start":{"line":37,"column":0},"end":{"line":37,"column":18}},"37":{"start":{"line":38,"column":0},"end":{"line":38,"column":21}},"38":{"start":{"line":39,"column":0},"end":{"line":39,"column":26}},"39":{"start":{"line":40,"column":0},"end":{"line":40,"column":28}},"40":{"start":{"line":41,"column":0},"end":{"line":41,"column":19}},"41":{"start":{"line":42,"column":0},"end":{"line":42,"column":2}},"43":{"start":{"line":44,"column":0},"end":{"line":44,"column":30}},"44":{"start":{"line":45,"column":0},"end":{"line":45,"column":19}},"45":{"start":{"line":46,"column":0},"end":{"line":46,"column":7}},"46":{"start":{"line":47,"column":0},"end":{"line":47,"column":10}},"47":{"start":{"line":48,"column":0},"end":{"line":48,"column":8}},"48":{"start":{"line":49,"column":0},"end":{"line":49,"column":11}},"49":{"start":{"line":50,"column":0},"end":{"line":50,"column":8}},"50":{"start":{"line":51,"column":0},"end":{"line":51,"column":11}},"51":{"start":{"line":52,"column":0},"end":{"line":52,"column":11}},"52":{"start":{"line":53,"column":0},"end":{"line":53,"column":14}},"53":{"start":{"line":54,"column":0},"end":{"line":54,"column":12}},"54":{"start":{"line":55,"column":0},"end":{"line":55,"column":15}},"55":{"start":{"line":56,"column":0},"end":{"line":56,"column":14}},"56":{"start":{"line":57,"column":0},"end":{"line":57,"column":8}},"57":{"start":{"line":58,"column":0},"end":{"line":58,"column":11}},"58":{"start":{"line":59,"column":0},"end":{"line":59,"column":4}},"59":{"start":{"line":60,"column":0},"end":{"line":60,"column":41}},"60":{"start":{"line":61,"column":0},"end":{"line":61,"column":83}},"61":{"start":{"line":62,"column":0},"end":{"line":62,"column":43}},"62":{"start":{"line":63,"column":0},"end":{"line":63,"column":60}},"63":{"start":{"line":64,"column":0},"end":{"line":64,"column":73}},"64":{"start":{"line":65,"column":0},"end":{"line":65,"column":71}},"65":{"start":{"line":66,"column":0},"end":{"line":66,"column":32}},"66":{"start":{"line":67,"column":0},"end":{"line":67,"column":86}},"69":{"start":{"line":70,"column":0},"end":{"line":70,"column":35}},"70":{"start":{"line":71,"column":0},"end":{"line":71,"column":32}},"71":{"start":{"line":72,"column":0},"end":{"line":72,"column":51}},"72":{"start":{"line":73,"column":0},"end":{"line":73,"column":52}},"73":{"start":{"line":74,"column":0},"end":{"line":74,"column":62}},"74":{"start":{"line":75,"column":0},"end":{"line":75,"column":5}},"75":{"start":{"line":76,"column":0},"end":{"line":76,"column":20}},"76":{"start":{"line":77,"column":0},"end":{"line":77,"column":4}},"79":{"start":{"line":80,"column":0},"end":{"line":80,"column":19}},"80":{"start":{"line":81,"column":0},"end":{"line":81,"column":25}},"81":{"start":{"line":82,"column":0},"end":{"line":82,"column":27}},"82":{"start":{"line":83,"column":0},"end":{"line":83,"column":27}},"83":{"start":{"line":84,"column":0},"end":{"line":84,"column":57}},"84":{"start":{"line":85,"column":0},"end":{"line":85,"column":9}},"85":{"start":{"line":86,"column":0},"end":{"line":86,"column":31}},"86":{"start":{"line":87,"column":0},"end":{"line":87,"column":8}},"87":{"start":{"line":88,"column":0},"end":{"line":88,"column":23}},"88":{"start":{"line":89,"column":0},"end":{"line":89,"column":50}},"89":{"start":{"line":90,"column":0},"end":{"line":90,"column":34}},"90":{"start":{"line":91,"column":0},"end":{"line":91,"column":8}},"91":{"start":{"line":92,"column":0},"end":{"line":92,"column":25}},"92":{"start":{"line":93,"column":0},"end":{"line":93,"column":55}},"93":{"start":{"line":94,"column":0},"end":{"line":94,"column":45}},"94":{"start":{"line":95,"column":0},"end":{"line":95,"column":11}},"95":{"start":{"line":96,"column":0},"end":{"line":96,"column":18}},"96":{"start":{"line":97,"column":0},"end":{"line":97,"column":115}},"97":{"start":{"line":98,"column":0},"end":{"line":98,"column":49}},"98":{"start":{"line":99,"column":0},"end":{"line":99,"column":45}},"99":{"start":{"line":100,"column":0},"end":{"line":100,"column":12}},"100":{"start":{"line":101,"column":0},"end":{"line":101,"column":11}},"101":{"start":{"line":102,"column":0},"end":{"line":102,"column":18}},"102":{"start":{"line":103,"column":0},"end":{"line":103,"column":112}},"103":{"start":{"line":104,"column":0},"end":{"line":104,"column":54}},"104":{"start":{"line":105,"column":0},"end":{"line":105,"column":47}},"105":{"start":{"line":106,"column":0},"end":{"line":106,"column":12}},"106":{"start":{"line":107,"column":0},"end":{"line":107,"column":11}},"107":{"start":{"line":108,"column":0},"end":{"line":108,"column":18}},"108":{"start":{"line":109,"column":0},"end":{"line":109,"column":132}},"109":{"start":{"line":110,"column":0},"end":{"line":110,"column":65}},"110":{"start":{"line":111,"column":0},"end":{"line":111,"column":38}},"111":{"start":{"line":112,"column":0},"end":{"line":112,"column":12}},"112":{"start":{"line":113,"column":0},"end":{"line":113,"column":11}},"113":{"start":{"line":114,"column":0},"end":{"line":114,"column":34}},"114":{"start":{"line":115,"column":0},"end":{"line":115,"column":9}},"115":{"start":{"line":116,"column":0},"end":{"line":116,"column":9}},"118":{"start":{"line":119,"column":0},"end":{"line":119,"column":19}},"119":{"start":{"line":120,"column":0},"end":{"line":120,"column":37}},"120":{"start":{"line":121,"column":0},"end":{"line":121,"column":32}},"121":{"start":{"line":122,"column":0},"end":{"line":122,"column":5}},"122":{"start":{"line":123,"column":0},"end":{"line":123,"column":28}},"123":{"start":{"line":124,"column":0},"end":{"line":124,"column":58}},"124":{"start":{"line":125,"column":0},"end":{"line":125,"column":59}},"125":{"start":{"line":126,"column":0},"end":{"line":126,"column":5}},"126":{"start":{"line":127,"column":0},"end":{"line":127,"column":26}},"127":{"start":{"line":128,"column":0},"end":{"line":128,"column":44}},"128":{"start":{"line":129,"column":0},"end":{"line":129,"column":5}},"129":{"start":{"line":130,"column":0},"end":{"line":130,"column":41}},"132":{"start":{"line":133,"column":0},"end":{"line":133,"column":19}},"133":{"start":{"line":134,"column":0},"end":{"line":134,"column":8}},"134":{"start":{"line":135,"column":0},"end":{"line":135,"column":27}},"135":{"start":{"line":136,"column":0},"end":{"line":136,"column":28}},"136":{"start":{"line":137,"column":0},"end":{"line":137,"column":21}},"137":{"start":{"line":138,"column":0},"end":{"line":138,"column":28}},"138":{"start":{"line":139,"column":0},"end":{"line":139,"column":20}},"139":{"start":{"line":140,"column":0},"end":{"line":140,"column":7}},"140":{"start":{"line":141,"column":0},"end":{"line":141,"column":13}},"141":{"start":{"line":142,"column":0},"end":{"line":142,"column":5}},"142":{"start":{"line":143,"column":0},"end":{"line":143,"column":20}},"143":{"start":{"line":144,"column":0},"end":{"line":144,"column":29}},"144":{"start":{"line":145,"column":0},"end":{"line":145,"column":14}},"145":{"start":{"line":146,"column":0},"end":{"line":146,"column":24}},"146":{"start":{"line":147,"column":0},"end":{"line":147,"column":62}},"147":{"start":{"line":148,"column":0},"end":{"line":148,"column":49}},"148":{"start":{"line":149,"column":0},"end":{"line":149,"column":30}},"149":{"start":{"line":150,"column":0},"end":{"line":150,"column":28}},"150":{"start":{"line":151,"column":0},"end":{"line":151,"column":33}},"151":{"start":{"line":152,"column":0},"end":{"line":152,"column":14}},"152":{"start":{"line":153,"column":0},"end":{"line":153,"column":44}},"153":{"start":{"line":154,"column":0},"end":{"line":154,"column":7}},"154":{"start":{"line":155,"column":0},"end":{"line":155,"column":6}},"155":{"start":{"line":156,"column":0},"end":{"line":156,"column":40}},"156":{"start":{"line":157,"column":0},"end":{"line":157,"column":45}},"157":{"start":{"line":158,"column":0},"end":{"line":158,"column":71}},"159":{"start":{"line":160,"column":0},"end":{"line":160,"column":54}},"160":{"start":{"line":161,"column":0},"end":{"line":161,"column":49}},"161":{"start":{"line":162,"column":0},"end":{"line":162,"column":86}},"162":{"start":{"line":163,"column":0},"end":{"line":163,"column":29}},"163":{"start":{"line":164,"column":0},"end":{"line":164,"column":32}},"164":{"start":{"line":165,"column":0},"end":{"line":165,"column":50}},"165":{"start":{"line":166,"column":0},"end":{"line":166,"column":25}},"166":{"start":{"line":167,"column":0},"end":{"line":167,"column":59}},"167":{"start":{"line":168,"column":0},"end":{"line":168,"column":72}},"168":{"start":{"line":169,"column":0},"end":{"line":169,"column":59}},"169":{"start":{"line":170,"column":0},"end":{"line":170,"column":5}},"170":{"start":{"line":171,"column":0},"end":{"line":171,"column":76}},"171":{"start":{"line":172,"column":0},"end":{"line":172,"column":19}},"172":{"start":{"line":173,"column":0},"end":{"line":173,"column":24}},"174":{"start":{"line":175,"column":0},"end":{"line":175,"column":50}},"176":{"start":{"line":177,"column":0},"end":{"line":177,"column":32}},"177":{"start":{"line":178,"column":0},"end":{"line":178,"column":25}},"178":{"start":{"line":179,"column":0},"end":{"line":179,"column":87}},"179":{"start":{"line":180,"column":0},"end":{"line":180,"column":36}},"180":{"start":{"line":181,"column":0},"end":{"line":181,"column":14}},"181":{"start":{"line":182,"column":0},"end":{"line":182,"column":21}},"182":{"start":{"line":183,"column":0},"end":{"line":183,"column":61}},"183":{"start":{"line":184,"column":0},"end":{"line":184,"column":44}},"184":{"start":{"line":185,"column":0},"end":{"line":185,"column":7}},"185":{"start":{"line":186,"column":0},"end":{"line":186,"column":6}},"186":{"start":{"line":187,"column":0},"end":{"line":187,"column":67}},"187":{"start":{"line":188,"column":0},"end":{"line":188,"column":4}},"189":{"start":{"line":190,"column":0},"end":{"line":190,"column":34}},"190":{"start":{"line":191,"column":0},"end":{"line":191,"column":16}},"191":{"start":{"line":192,"column":0},"end":{"line":192,"column":23}},"192":{"start":{"line":193,"column":0},"end":{"line":193,"column":26}},"193":{"start":{"line":194,"column":0},"end":{"line":194,"column":53}},"194":{"start":{"line":195,"column":0},"end":{"line":195,"column":47}},"195":{"start":{"line":196,"column":0},"end":{"line":196,"column":43}},"196":{"start":{"line":197,"column":0},"end":{"line":197,"column":31}},"197":{"start":{"line":198,"column":0},"end":{"line":198,"column":10}},"198":{"start":{"line":199,"column":0},"end":{"line":199,"column":80}},"199":{"start":{"line":200,"column":0},"end":{"line":200,"column":41}},"200":{"start":{"line":201,"column":0},"end":{"line":201,"column":24}},"201":{"start":{"line":202,"column":0},"end":{"line":202,"column":9}},"202":{"start":{"line":203,"column":0},"end":{"line":203,"column":42}},"203":{"start":{"line":204,"column":0},"end":{"line":204,"column":65}},"204":{"start":{"line":205,"column":0},"end":{"line":205,"column":7}},"205":{"start":{"line":206,"column":0},"end":{"line":206,"column":6}},"206":{"start":{"line":207,"column":0},"end":{"line":207,"column":44}},"207":{"start":{"line":208,"column":0},"end":{"line":208,"column":4}},"209":{"start":{"line":210,"column":0},"end":{"line":210,"column":33}},"210":{"start":{"line":211,"column":0},"end":{"line":211,"column":78}},"211":{"start":{"line":212,"column":0},"end":{"line":212,"column":61}},"212":{"start":{"line":213,"column":0},"end":{"line":213,"column":25}},"213":{"start":{"line":214,"column":0},"end":{"line":214,"column":28}},"214":{"start":{"line":215,"column":0},"end":{"line":215,"column":35}},"215":{"start":{"line":216,"column":0},"end":{"line":216,"column":7}},"216":{"start":{"line":217,"column":0},"end":{"line":217,"column":59}},"217":{"start":{"line":218,"column":0},"end":{"line":218,"column":50}},"218":{"start":{"line":219,"column":0},"end":{"line":219,"column":89}},"219":{"start":{"line":220,"column":0},"end":{"line":220,"column":14}},"220":{"start":{"line":221,"column":0},"end":{"line":221,"column":53}},"221":{"start":{"line":222,"column":0},"end":{"line":222,"column":7}},"222":{"start":{"line":223,"column":0},"end":{"line":223,"column":6}},"223":{"start":{"line":224,"column":0},"end":{"line":224,"column":72}},"224":{"start":{"line":225,"column":0},"end":{"line":225,"column":4}},"226":{"start":{"line":227,"column":0},"end":{"line":227,"column":39}},"227":{"start":{"line":228,"column":0},"end":{"line":228,"column":71}},"228":{"start":{"line":229,"column":0},"end":{"line":229,"column":44}},"229":{"start":{"line":230,"column":0},"end":{"line":230,"column":61}},"230":{"start":{"line":231,"column":0},"end":{"line":231,"column":22}},"231":{"start":{"line":232,"column":0},"end":{"line":232,"column":26}},"232":{"start":{"line":233,"column":0},"end":{"line":233,"column":32}},"233":{"start":{"line":234,"column":0},"end":{"line":234,"column":5}},"234":{"start":{"line":235,"column":0},"end":{"line":235,"column":43}},"235":{"start":{"line":236,"column":0},"end":{"line":236,"column":44}},"237":{"start":{"line":238,"column":0},"end":{"line":238,"column":27}},"238":{"start":{"line":239,"column":0},"end":{"line":239,"column":23}},"239":{"start":{"line":240,"column":0},"end":{"line":240,"column":53}},"240":{"start":{"line":241,"column":0},"end":{"line":241,"column":26}},"241":{"start":{"line":242,"column":0},"end":{"line":242,"column":34}},"242":{"start":{"line":243,"column":0},"end":{"line":243,"column":5}},"243":{"start":{"line":244,"column":0},"end":{"line":244,"column":83}},"244":{"start":{"line":245,"column":0},"end":{"line":245,"column":18}},"245":{"start":{"line":246,"column":0},"end":{"line":246,"column":12}},"246":{"start":{"line":247,"column":0},"end":{"line":247,"column":19}},"247":{"start":{"line":248,"column":0},"end":{"line":248,"column":5}},"248":{"start":{"line":249,"column":0},"end":{"line":249,"column":4}},"250":{"start":{"line":251,"column":0},"end":{"line":251,"column":44}},"251":{"start":{"line":252,"column":0},"end":{"line":252,"column":26}},"252":{"start":{"line":253,"column":0},"end":{"line":253,"column":34}},"253":{"start":{"line":254,"column":0},"end":{"line":254,"column":5}},"254":{"start":{"line":255,"column":0},"end":{"line":255,"column":84}},"255":{"start":{"line":256,"column":0},"end":{"line":256,"column":18}},"256":{"start":{"line":257,"column":0},"end":{"line":257,"column":12}},"257":{"start":{"line":258,"column":0},"end":{"line":258,"column":19}},"258":{"start":{"line":259,"column":0},"end":{"line":259,"column":5}},"259":{"start":{"line":260,"column":0},"end":{"line":260,"column":4}},"261":{"start":{"line":262,"column":0},"end":{"line":262,"column":28}},"262":{"start":{"line":263,"column":0},"end":{"line":263,"column":12}},"263":{"start":{"line":264,"column":0},"end":{"line":264,"column":97}},"264":{"start":{"line":265,"column":0},"end":{"line":265,"column":32}},"265":{"start":{"line":266,"column":0},"end":{"line":266,"column":12}},"267":{"start":{"line":268,"column":0},"end":{"line":268,"column":3}},"269":{"start":{"line":270,"column":0},"end":{"line":270,"column":10}},"270":{"start":{"line":271,"column":0},"end":{"line":271,"column":62}},"271":{"start":{"line":272,"column":0},"end":{"line":272,"column":99}},"272":{"start":{"line":273,"column":0},"end":{"line":273,"column":87}},"273":{"start":{"line":274,"column":0},"end":{"line":274,"column":51}},"274":{"start":{"line":275,"column":0},"end":{"line":275,"column":105}},"275":{"start":{"line":276,"column":0},"end":{"line":276,"column":17}},"276":{"start":{"line":277,"column":0},"end":{"line":277,"column":78}},"277":{"start":{"line":278,"column":0},"end":{"line":278,"column":94}},"278":{"start":{"line":279,"column":0},"end":{"line":279,"column":18}},"279":{"start":{"line":280,"column":0},"end":{"line":280,"column":16}},"280":{"start":{"line":281,"column":0},"end":{"line":281,"column":51}},"281":{"start":{"line":282,"column":0},"end":{"line":282,"column":37}},"282":{"start":{"line":283,"column":0},"end":{"line":283,"column":19}},"283":{"start":{"line":284,"column":0},"end":{"line":284,"column":30}},"284":{"start":{"line":285,"column":0},"end":{"line":285,"column":65}},"285":{"start":{"line":286,"column":0},"end":{"line":286,"column":30}},"286":{"start":{"line":287,"column":0},"end":{"line":287,"column":31}},"287":{"start":{"line":288,"column":0},"end":{"line":288,"column":31}},"288":{"start":{"line":289,"column":0},"end":{"line":289,"column":37}},"289":{"start":{"line":290,"column":0},"end":{"line":290,"column":39}},"290":{"start":{"line":291,"column":0},"end":{"line":291,"column":45}},"291":{"start":{"line":292,"column":0},"end":{"line":292,"column":32}},"292":{"start":{"line":293,"column":0},"end":{"line":293,"column":29}},"293":{"start":{"line":294,"column":0},"end":{"line":294,"column":18}},"294":{"start":{"line":295,"column":0},"end":{"line":295,"column":16}},"295":{"start":{"line":296,"column":0},"end":{"line":296,"column":141}},"296":{"start":{"line":297,"column":0},"end":{"line":297,"column":33}},"297":{"start":{"line":298,"column":0},"end":{"line":298,"column":13}},"298":{"start":{"line":299,"column":0},"end":{"line":299,"column":28}},"299":{"start":{"line":300,"column":0},"end":{"line":300,"column":31}},"300":{"start":{"line":301,"column":0},"end":{"line":301,"column":27}},"301":{"start":{"line":302,"column":0},"end":{"line":302,"column":36}},"302":{"start":{"line":303,"column":0},"end":{"line":303,"column":35}},"303":{"start":{"line":304,"column":0},"end":{"line":304,"column":44}},"304":{"start":{"line":305,"column":0},"end":{"line":305,"column":28}},"305":{"start":{"line":306,"column":0},"end":{"line":306,"column":26}},"306":{"start":{"line":307,"column":0},"end":{"line":307,"column":21}},"307":{"start":{"line":308,"column":0},"end":{"line":308,"column":19}},"308":{"start":{"line":309,"column":0},"end":{"line":309,"column":30}},"309":{"start":{"line":310,"column":0},"end":{"line":310,"column":65}},"310":{"start":{"line":311,"column":0},"end":{"line":311,"column":41}},"311":{"start":{"line":312,"column":0},"end":{"line":312,"column":16}},"312":{"start":{"line":313,"column":0},"end":{"line":313,"column":141}},"313":{"start":{"line":314,"column":0},"end":{"line":314,"column":13}},"315":{"start":{"line":316,"column":0},"end":{"line":316,"column":21}},"316":{"start":{"line":317,"column":0},"end":{"line":317,"column":16}},"317":{"start":{"line":318,"column":0},"end":{"line":318,"column":14}},"318":{"start":{"line":319,"column":0},"end":{"line":319,"column":15}},"320":{"start":{"line":321,"column":0},"end":{"line":321,"column":53}},"321":{"start":{"line":322,"column":0},"end":{"line":322,"column":80}},"322":{"start":{"line":323,"column":0},"end":{"line":323,"column":82}},"323":{"start":{"line":324,"column":0},"end":{"line":324,"column":57}},"324":{"start":{"line":325,"column":0},"end":{"line":325,"column":59}},"325":{"start":{"line":326,"column":0},"end":{"line":326,"column":18}},"326":{"start":{"line":327,"column":0},"end":{"line":327,"column":89}},"327":{"start":{"line":328,"column":0},"end":{"line":328,"column":92}},"328":{"start":{"line":329,"column":0},"end":{"line":329,"column":66}},"329":{"start":{"line":330,"column":0},"end":{"line":330,"column":12}},"330":{"start":{"line":331,"column":0},"end":{"line":331,"column":14}},"331":{"start":{"line":332,"column":0},"end":{"line":332,"column":69}},"332":{"start":{"line":333,"column":0},"end":{"line":333,"column":14}},"333":{"start":{"line":334,"column":0},"end":{"line":334,"column":82}},"334":{"start":{"line":335,"column":0},"end":{"line":335,"column":79}},"335":{"start":{"line":336,"column":0},"end":{"line":336,"column":17}},"336":{"start":{"line":337,"column":0},"end":{"line":337,"column":14}},"338":{"start":{"line":339,"column":0},"end":{"line":339,"column":43}},"339":{"start":{"line":340,"column":0},"end":{"line":340,"column":98}},"340":{"start":{"line":341,"column":0},"end":{"line":341,"column":65}},"341":{"start":{"line":342,"column":0},"end":{"line":342,"column":18}},"342":{"start":{"line":343,"column":0},"end":{"line":343,"column":35}},"343":{"start":{"line":344,"column":0},"end":{"line":344,"column":25}},"344":{"start":{"line":345,"column":0},"end":{"line":345,"column":46}},"345":{"start":{"line":346,"column":0},"end":{"line":346,"column":47}},"347":{"start":{"line":348,"column":0},"end":{"line":348,"column":56}},"348":{"start":{"line":349,"column":0},"end":{"line":349,"column":33}},"349":{"start":{"line":350,"column":0},"end":{"line":350,"column":71}},"350":{"start":{"line":351,"column":0},"end":{"line":351,"column":53}},"351":{"start":{"line":352,"column":0},"end":{"line":352,"column":31}},"352":{"start":{"line":353,"column":0},"end":{"line":353,"column":71}},"353":{"start":{"line":354,"column":0},"end":{"line":354,"column":33}},"354":{"start":{"line":355,"column":0},"end":{"line":355,"column":16}},"355":{"start":{"line":356,"column":0},"end":{"line":356,"column":100}},"356":{"start":{"line":357,"column":0},"end":{"line":357,"column":22}},"357":{"start":{"line":358,"column":0},"end":{"line":358,"column":35}},"358":{"start":{"line":359,"column":0},"end":{"line":359,"column":35}},"359":{"start":{"line":360,"column":0},"end":{"line":360,"column":41}},"360":{"start":{"line":361,"column":0},"end":{"line":361,"column":32}},"361":{"start":{"line":362,"column":0},"end":{"line":362,"column":67}},"362":{"start":{"line":363,"column":0},"end":{"line":363,"column":52}},"363":{"start":{"line":364,"column":0},"end":{"line":364,"column":18}},"364":{"start":{"line":365,"column":0},"end":{"line":365,"column":16}},"365":{"start":{"line":366,"column":0},"end":{"line":366,"column":18}},"367":{"start":{"line":368,"column":0},"end":{"line":368,"column":111}},"368":{"start":{"line":369,"column":0},"end":{"line":369,"column":63}},"369":{"start":{"line":370,"column":0},"end":{"line":370,"column":29}},"370":{"start":{"line":371,"column":0},"end":{"line":371,"column":59}},"371":{"start":{"line":372,"column":0},"end":{"line":372,"column":169}},"373":{"start":{"line":374,"column":0},"end":{"line":374,"column":27}},"374":{"start":{"line":375,"column":0},"end":{"line":375,"column":72}},"375":{"start":{"line":376,"column":0},"end":{"line":376,"column":24}},"377":{"start":{"line":378,"column":0},"end":{"line":378,"column":25}},"378":{"start":{"line":379,"column":0},"end":{"line":379,"column":104}},"379":{"start":{"line":380,"column":0},"end":{"line":380,"column":36}},"380":{"start":{"line":381,"column":0},"end":{"line":381,"column":71}},"381":{"start":{"line":382,"column":0},"end":{"line":382,"column":40}},"382":{"start":{"line":383,"column":0},"end":{"line":383,"column":22}},"383":{"start":{"line":384,"column":0},"end":{"line":384,"column":19}},"385":{"start":{"line":386,"column":0},"end":{"line":386,"column":27}},"387":{"start":{"line":388,"column":0},"end":{"line":388,"column":20}},"389":{"start":{"line":390,"column":0},"end":{"line":390,"column":45}},"390":{"start":{"line":391,"column":0},"end":{"line":391,"column":71}},"391":{"start":{"line":392,"column":0},"end":{"line":392,"column":65}},"392":{"start":{"line":393,"column":0},"end":{"line":393,"column":27}},"393":{"start":{"line":394,"column":0},"end":{"line":394,"column":33}},"394":{"start":{"line":395,"column":0},"end":{"line":395,"column":66}},"395":{"start":{"line":396,"column":0},"end":{"line":396,"column":149}},"397":{"start":{"line":398,"column":0},"end":{"line":398,"column":30}},"398":{"start":{"line":399,"column":0},"end":{"line":399,"column":29}},"399":{"start":{"line":400,"column":0},"end":{"line":400,"column":21}},"400":{"start":{"line":401,"column":0},"end":{"line":401,"column":22}},"402":{"start":{"line":403,"column":0},"end":{"line":403,"column":82}},"403":{"start":{"line":404,"column":0},"end":{"line":404,"column":24}},"404":{"start":{"line":405,"column":0},"end":{"line":405,"column":34}},"405":{"start":{"line":406,"column":0},"end":{"line":406,"column":31}},"406":{"start":{"line":407,"column":0},"end":{"line":407,"column":33}},"407":{"start":{"line":408,"column":0},"end":{"line":408,"column":62}},"408":{"start":{"line":409,"column":0},"end":{"line":409,"column":50}},"409":{"start":{"line":410,"column":0},"end":{"line":410,"column":153}},"410":{"start":{"line":411,"column":0},"end":{"line":411,"column":49}},"411":{"start":{"line":412,"column":0},"end":{"line":412,"column":20}},"412":{"start":{"line":413,"column":0},"end":{"line":413,"column":25}},"413":{"start":{"line":414,"column":0},"end":{"line":414,"column":33}},"414":{"start":{"line":415,"column":0},"end":{"line":415,"column":165}},"415":{"start":{"line":416,"column":0},"end":{"line":416,"column":19}},"417":{"start":{"line":418,"column":0},"end":{"line":418,"column":27}},"418":{"start":{"line":419,"column":0},"end":{"line":419,"column":23}},"420":{"start":{"line":421,"column":0},"end":{"line":421,"column":18}},"421":{"start":{"line":422,"column":0},"end":{"line":422,"column":16}},"422":{"start":{"line":423,"column":0},"end":{"line":423,"column":18}},"424":{"start":{"line":425,"column":0},"end":{"line":425,"column":64}},"425":{"start":{"line":426,"column":0},"end":{"line":426,"column":17}},"426":{"start":{"line":427,"column":0},"end":{"line":427,"column":28}},"427":{"start":{"line":428,"column":0},"end":{"line":428,"column":63}},"428":{"start":{"line":429,"column":0},"end":{"line":429,"column":37}},"429":{"start":{"line":430,"column":0},"end":{"line":430,"column":14}},"430":{"start":{"line":431,"column":0},"end":{"line":431,"column":139}},"432":{"start":{"line":433,"column":0},"end":{"line":433,"column":50}},"433":{"start":{"line":434,"column":0},"end":{"line":434,"column":19}},"434":{"start":{"line":435,"column":0},"end":{"line":435,"column":17}},"435":{"start":{"line":436,"column":0},"end":{"line":436,"column":28}},"436":{"start":{"line":437,"column":0},"end":{"line":437,"column":63}},"437":{"start":{"line":438,"column":0},"end":{"line":438,"column":30}},"438":{"start":{"line":439,"column":0},"end":{"line":439,"column":14}},"439":{"start":{"line":440,"column":0},"end":{"line":440,"column":139}},"440":{"start":{"line":441,"column":0},"end":{"line":441,"column":43}},"441":{"start":{"line":442,"column":0},"end":{"line":442,"column":11}},"443":{"start":{"line":444,"column":0},"end":{"line":444,"column":19}},"444":{"start":{"line":445,"column":0},"end":{"line":445,"column":17}},"445":{"start":{"line":446,"column":0},"end":{"line":446,"column":28}},"446":{"start":{"line":447,"column":0},"end":{"line":447,"column":63}},"447":{"start":{"line":448,"column":0},"end":{"line":448,"column":71}},"448":{"start":{"line":449,"column":0},"end":{"line":449,"column":26}},"449":{"start":{"line":450,"column":0},"end":{"line":450,"column":27}},"450":{"start":{"line":451,"column":0},"end":{"line":451,"column":30}},"451":{"start":{"line":452,"column":0},"end":{"line":452,"column":41}},"452":{"start":{"line":453,"column":0},"end":{"line":453,"column":67}},"453":{"start":{"line":454,"column":0},"end":{"line":454,"column":14}},"454":{"start":{"line":455,"column":0},"end":{"line":455,"column":139}},"455":{"start":{"line":456,"column":0},"end":{"line":456,"column":37}},"456":{"start":{"line":457,"column":0},"end":{"line":457,"column":11}},"458":{"start":{"line":459,"column":0},"end":{"line":459,"column":19}},"459":{"start":{"line":460,"column":0},"end":{"line":460,"column":17}},"460":{"start":{"line":461,"column":0},"end":{"line":461,"column":28}},"461":{"start":{"line":462,"column":0},"end":{"line":462,"column":63}},"462":{"start":{"line":463,"column":0},"end":{"line":463,"column":42}},"463":{"start":{"line":464,"column":0},"end":{"line":464,"column":14}},"464":{"start":{"line":465,"column":0},"end":{"line":465,"column":139}},"465":{"start":{"line":466,"column":0},"end":{"line":466,"column":11}},"467":{"start":{"line":468,"column":0},"end":{"line":468,"column":19}},"468":{"start":{"line":469,"column":0},"end":{"line":469,"column":14}},"470":{"start":{"line":471,"column":0},"end":{"line":471,"column":69}},"471":{"start":{"line":472,"column":0},"end":{"line":472,"column":13}},"472":{"start":{"line":473,"column":0},"end":{"line":473,"column":114}},"473":{"start":{"line":474,"column":0},"end":{"line":474,"column":79}},"474":{"start":{"line":475,"column":0},"end":{"line":475,"column":90}},"475":{"start":{"line":476,"column":0},"end":{"line":476,"column":89}},"476":{"start":{"line":477,"column":0},"end":{"line":477,"column":14}},"477":{"start":{"line":478,"column":0},"end":{"line":478,"column":17}},"478":{"start":{"line":479,"column":0},"end":{"line":479,"column":13}},"479":{"start":{"line":480,"column":0},"end":{"line":480,"column":10}},"481":{"start":{"line":482,"column":0},"end":{"line":482,"column":1}}},"s":{"0":0,"1":0,"2":0,"3":0,"4":0,"5":0,"7":0,"8":0,"9":0,"10":0,"11":0,"12":0,"13":0,"14":0,"15":0,"16":0,"17":0,"18":0,"19":0,"20":0,"21":0,"22":0,"23":0,"25":0,"26":0,"27":0,"28":0,"29":0,"30":0,"31":0,"32":0,"33":0,"34":0,"35":0,"36":0,"37":0,"38":0,"39":0,"40":0,"41":0,"43":0,"44":0,"45":0,"46":0,"47":0,"48":0,"49":0,"50":0,"51":0,"52":0,"53":0,"54":0,"55":0,"56":0,"57":0,"58":0,"59":0,"60":0,"61":0,"62":0,"63":0,"64":0,"65":0,"66":0,"69":0,"70":0,"71":0,"72":0,"73":0,"74":0,"75":0,"76":0,"79":0,"80":0,"81":0,"82":0,"83":0,"84":0,"85":0,"86":0,"87":0,"88":0,"89":0,"90":0,"91":0,"92":0,"93":0,"94":0,"95":0,"96":0,"97":0,"98":0,"99":0,"100":0,"101":0,"102":0,"103":0,"104":0,"105":0,"106":0,"107":0,"108":0,"109":0,"110":0,"111":0,"112":0,"113":0,"114":0,"115":0,"118":0,"119":0,"120":0,"121":0,"122":0,"123":0,"124":0,"125":0,"126":0,"127":0,"128":0,"129":0,"132":0,"133":0,"134":0,"135":0,"136":0,"137":0,"138":0,"139":0,"140":0,"141":0,"142":0,"143":0,"144":0,"145":0,"146":0,"147":0,"148":0,"149":0,"150":0,"151":0,"152":0,"153":0,"154":0,"155":0,"156":0,"157":0,"159":0,"160":0,"161":0,"162":0,"163":0,"164":0,"165":0,"166":0,"167":0,"168":0,"169":0,"170":0,"171":0,"172":0,"174":0,"176":0,"177":0,"178":0,"179":0,"180":0,"181":0,"182":0,"183":0,"184":0,"185":0,"186":0,"187":0,"189":0,"190":0,"191":0,"192":0,"193":0,"194":0,"195":0,"196":0,"197":0,"198":0,"199":0,"200":0,"201":0,"202":0,"203":0,"204":0,"205":0,"206":0,"207":0,"209":0,"210":0,"211":0,"212":0,"213":0,"214":0,"215":0,"216":0,"217":0,"218":0,"219":0,"220":0,"221":0,"222":0,"223":0,"224":0,"226":0,"227":0,"228":0,"229":0,"230":0,"231":0,"232":0,"233":0,"234":0,"235":0,"237":0,"238":0,"239":0,"240":0,"241":0,"242":0,"243":0,"244":0,"245":0,"246":0,"247":0,"248":0,"250":0,"251":0,"252":0,"253":0,"254":0,"255":0,"256":0,"257":0,"258":0,"259":0,"261":0,"262":0,"263":0,"264":0,"265":0,"267":0,"269":0,"270":0,"271":0,"272":0,"273":0,"274":0,"275":0,"276":0,"277":0,"278":0,"279":0,"280":0,"281":0,"282":0,"283":0,"284":0,"285":0,"286":0,"287":0,"288":0,"289":0,"290":0,"291":0,"292":0,"293":0,"294":0,"295":0,"296":0,"297":0,"298":0,"299":0,"300":0,"301":0,"302":0,"303":0,"304":0,"305":0,"306":0,"307":0,"308":0,"309":0,"310":0,"311":0,"312":0,"313":0,"315":0,"316":0,"317":0,"318":0,"320":0,"321":0,"322":0,"323":0,"324":0,"325":0,"326":0,"327":0,"328":0,"329":0,"330":0,"331":0,"332":0,"333":0,"334":0,"335":0,"336":0,"338":0,"339":0,"340":0,"341":0,"342":0,"343":0,"344":0,"345":0,"347":0,"348":0,"349":0,"350":0,"351":0,"352":0,"353":0,"354":0,"355":0,"356":0,"357":0,"358":0,"359":0,"360":0,"361":0,"362":0,"363":0,"364":0,"365":0,"367":0,"368":0,"369":0,"370":0,"371":0,"373":0,"374":0,"375":0,"377":0,"378":0,"379":0,"380":0,"381":0,"382":0,"383":0,"385":0,"387":0,"389":0,"390":0,"391":0,"392":0,"393":0,"394":0,"395":0,"397":0,"398":0,"399":0,"400":0,"402":0,"403":0,"404":0,"405":0,"406":0,"407":0,"408":0,"409":0,"410":0,"411":0,"412":0,"413":0,"414":0,"415":0,"417":0,"418":0,"420":0,"421":0,"422":0,"424":0,"425":0,"426":0,"427":0,"428":0,"429":0,"430":0,"432":0,"433":0,"434":0,"435":0,"436":0,"437":0,"438":0,"439":0,"440":0,"441":0,"443":0,"444":0,"445":0,"446":0,"447":0,"448":0,"449":0,"450":0,"451":0,"452":0,"453":0,"454":0,"455":0,"456":0,"458":0,"459":0,"460":0,"461":0,"462":0,"463":0,"464":0,"465":0,"467":0,"468":0,"470":0,"471":0,"472":0,"473":0,"474":0,"475":0,"476":0,"477":0,"478":0,"479":0,"481":0},"branchMap":{"0":{"type":"branch","line":1,"loc":{"start":{"line":1,"column":17816},"end":{"line":482,"column":1}},"locations":[{"start":{"line":1,"column":17816},"end":{"line":482,"column":1}}]}},"b":{"0":[0]},"fnMap":{"0":{"name":"(empty-report)","decl":{"start":{"line":1,"column":17816},"end":{"line":482,"column":1}},"loc":{"start":{"line":1,"column":17816},"end":{"line":482,"column":1}},"line":1}},"f":{"0":0}}
,"C:\\Users\\CHISTEV\\Documents\\arrow-duh-game\\src\\components\\Home.jsx": {"path":"C:\\Users\\CHISTEV\\Documents\\arrow-duh-game\\src\\components\\Home.jsx","all":true,"statementMap":{"0":{"start":{"line":1,"column":0},"end":{"line":1,"column":26}},"2":{"start":{"line":3,"column":0},"end":{"line":3,"column":52}},"3":{"start":{"line":4,"column":0},"end":{"line":4,"column":10}},"4":{"start":{"line":5,"column":0},"end":{"line":5,"column":109}},"5":{"start":{"line":6,"column":0},"end":{"line":6,"column":47}},"6":{"start":{"line":7,"column":0},"end":{"line":7,"column":110}},"7":{"start":{"line":8,"column":0},"end":{"line":8,"column":13}},"8":{"start":{"line":9,"column":0},"end":{"line":9,"column":87}},"9":{"start":{"line":10,"column":0},"end":{"line":10,"column":87}},"10":{"start":{"line":11,"column":0},"end":{"line":11,"column":14}},"11":{"start":{"line":12,"column":0},"end":{"line":12,"column":12}},"12":{"start":{"line":13,"column":0},"end":{"line":13,"column":64}},"13":{"start":{"line":14,"column":0},"end":{"line":14,"column":15}},"14":{"start":{"line":15,"column":0},"end":{"line":15,"column":50}},"15":{"start":{"line":16,"column":0},"end":{"line":16,"column":155}},"16":{"start":{"line":17,"column":0},"end":{"line":17,"column":9}},"18":{"start":{"line":19,"column":0},"end":{"line":19,"column":17}},"19":{"start":{"line":20,"column":0},"end":{"line":20,"column":15}},"20":{"start":{"line":21,"column":0},"end":{"line":21,"column":54}},"21":{"start":{"line":22,"column":0},"end":{"line":22,"column":129}},"22":{"start":{"line":23,"column":0},"end":{"line":23,"column":9}},"24":{"start":{"line":25,"column":0},"end":{"line":25,"column":17}},"25":{"start":{"line":26,"column":0},"end":{"line":26,"column":15}},"26":{"start":{"line":27,"column":0},"end":{"line":27,"column":53}},"27":{"start":{"line":28,"column":0},"end":{"line":28,"column":129}},"28":{"start":{"line":29,"column":0},"end":{"line":29,"column":9}},"30":{"start":{"line":31,"column":0},"end":{"line":31,"column":17}},"31":{"start":{"line":32,"column":0},"end":{"line":32,"column":12}},"32":{"start":{"line":33,"column":0},"end":{"line":33,"column":67}},"33":{"start":{"line":34,"column":0},"end":{"line":34,"column":74}},"34":{"start":{"line":35,"column":0},"end":{"line":35,"column":15}},"35":{"start":{"line":36,"column":0},"end":{"line":36,"column":10}},"37":{"start":{"line":38,"column":0},"end":{"line":38,"column":1}}},"s":{"0":0,"2":0,"3":0,"4":0,"5":0,"6":0,"7":0,"8":0,"9":0,"10":0,"11":0,"12":0,"13":0,"14":0,"15":0,"16":0,"18":0,"19":0,"20":0,"21":0,"22":0,"24":0,"25":0,"26":0,"27":0,"28":0,"30":0,"31":0,"32":0,"33":0,"34":0,"35":0,"37":0},"branchMap":{"0":{"type":"branch","line":1,"loc":{"start":{"line":1,"column":1641},"end":{"line":38,"column":1}},"locations":[{"start":{"line":1,"column":1641},"end":{"line":38,"column":1}}]}},"b":{"0":[0]},"fnMap":{"0":{"name":"(empty-report)","decl":{"start":{"line":1,"column":1641},"end":{"line":38,"column":1}},"loc":{"start":{"line":1,"column":1641},"end":{"line":38,"column":1}},"line":1}},"f":{"0":0}}
,"C:\\Users\\CHISTEV\\Documents\\arrow-duh-game\\src\\components\\HudTile.jsx": {"path":"C:\\Users\\CHISTEV\\Documents\\arrow-duh-game\\src\\components\\HudTile.jsx","all":true,"statementMap":{"0":{"start":{"line":1,"column":0},"end":{"line":1,"column":26}},"2":{"start":{"line":3,"column":0},"end":{"line":3,"column":64}},"3":{"start":{"line":4,"column":0},"end":{"line":4,"column":6}},"4":{"start":{"line":5,"column":0},"end":{"line":5,"column":80}},"5":{"start":{"line":6,"column":0},"end":{"line":6,"column":34}},"6":{"start":{"line":7,"column":0},"end":{"line":7,"column":7}},"8":{"start":{"line":9,"column":0},"end":{"line":9,"column":82}},"9":{"start":{"line":10,"column":0},"end":{"line":10,"column":53}},"10":{"start":{"line":11,"column":0},"end":{"line":11,"column":8}},"11":{"start":{"line":12,"column":0},"end":{"line":12,"column":3}}},"s":{"0":0,"2":0,"3":0,"4":0,"5":0,"6":0,"8":0,"9":0,"10":0,"11":0},"branchMap":{"0":{"type":"branch","line":1,"loc":{"start":{"line":1,"column":388},"end":{"line":12,"column":3}},"locations":[{"start":{"line":1,"column":388},"end":{"line":12,"column":3}}]}},"b":{"0":[0]},"fnMap":{"0":{"name":"(empty-report)","decl":{"start":{"line":1,"column":388},"end":{"line":12,"column":3}},"loc":{"start":{"line":1,"column":388},"end":{"line":12,"column":3}},"line":1}},"f":{"0":0}}
,"C:\\Users\\CHISTEV\\Documents\\arrow-duh-game\\src\\components\\ModeBadge.jsx": {"path":"C:\\Users\\CHISTEV\\Documents\\arrow-duh-game\\src\\components\\ModeBadge.jsx","all":true,"statementMap":{"0":{"start":{"line":1,"column":0},"end":{"line":1,"column":26}},"2":{"start":{"line":3,"column":0},"end":{"line":3,"column":41}},"3":{"start":{"line":4,"column":0},"end":{"line":4,"column":27}},"4":{"start":{"line":5,"column":0},"end":{"line":5,"column":19}},"5":{"start":{"line":6,"column":0},"end":{"line":6,"column":19}},"6":{"start":{"line":7,"column":0},"end":{"line":7,"column":65}},"7":{"start":{"line":8,"column":0},"end":{"line":8,"column":21}},"8":{"start":{"line":9,"column":0},"end":{"line":9,"column":74}},"9":{"start":{"line":10,"column":0},"end":{"line":10,"column":29}},"10":{"start":{"line":11,"column":0},"end":{"line":11,"column":65}},"11":{"start":{"line":12,"column":0},"end":{"line":12,"column":22}},"12":{"start":{"line":13,"column":0},"end":{"line":13,"column":71}},"13":{"start":{"line":14,"column":0},"end":{"line":14,"column":14}},"14":{"start":{"line":15,"column":0},"end":{"line":15,"column":18}},"15":{"start":{"line":16,"column":0},"end":{"line":16,"column":5}},"16":{"start":{"line":17,"column":0},"end":{"line":17,"column":4}},"18":{"start":{"line":19,"column":0},"end":{"line":19,"column":10}},"19":{"start":{"line":20,"column":0},"end":{"line":20,"column":9}},"20":{"start":{"line":21,"column":0},"end":{"line":21,"column":117}},"22":{"start":{"line":23,"column":0},"end":{"line":23,"column":69}},"23":{"start":{"line":24,"column":0},"end":{"line":24,"column":23}},"24":{"start":{"line":25,"column":0},"end":{"line":25,"column":17}},"25":{"start":{"line":26,"column":0},"end":{"line":26,"column":28}},"26":{"start":{"line":27,"column":0},"end":{"line":27,"column":19}},"27":{"start":{"line":28,"column":0},"end":{"line":28,"column":36}},"28":{"start":{"line":29,"column":0},"end":{"line":29,"column":27}},"29":{"start":{"line":30,"column":0},"end":{"line":30,"column":21}},"30":{"start":{"line":31,"column":0},"end":{"line":31,"column":11}},"32":{"start":{"line":33,"column":0},"end":{"line":33,"column":3}}},"s":{"0":0,"2":0,"3":0,"4":0,"5":0,"6":0,"7":0,"8":0,"9":0,"10":0,"11":0,"12":0,"13":0,"14":0,"15":0,"16":0,"18":0,"19":0,"20":0,"22":0,"23":0,"24":0,"25":0,"26":0,"27":0,"28":0,"29":0,"30":0,"32":0},"branchMap":{"0":{"type":"branch","line":1,"loc":{"start":{"line":1,"column":983},"end":{"line":33,"column":3}},"locations":[{"start":{"line":1,"column":983},"end":{"line":33,"column":3}}]}},"b":{"0":[0]},"fnMap":{"0":{"name":"(empty-report)","decl":{"start":{"line":1,"column":983},"end":{"line":33,"column":3}},"loc":{"start":{"line":1,"column":983},"end":{"line":33,"column":3}},"line":1}},"f":{"0":0}}
,"C:\\Users\\CHISTEV\\Documents\\arrow-duh-game\\src\\components\\Overlay.jsx": {"path":"C:\\Users\\CHISTEV\\Documents\\arrow-duh-game\\src\\components\\Overlay.jsx","all":true,"statementMap":{"0":{"start":{"line":1,"column":0},"end":{"line":1,"column":26}},"2":{"start":{"line":3,"column":0},"end":{"line":3,"column":65}},"3":{"start":{"line":4,"column":0},"end":{"line":4,"column":25}},"4":{"start":{"line":5,"column":0},"end":{"line":5,"column":31}},"5":{"start":{"line":6,"column":0},"end":{"line":6,"column":10}},"6":{"start":{"line":7,"column":0},"end":{"line":7,"column":11}},"7":{"start":{"line":8,"column":0},"end":{"line":8,"column":23}},"8":{"start":{"line":9,"column":0},"end":{"line":9,"column":103}},"9":{"start":{"line":10,"column":0},"end":{"line":10,"column":54}},"10":{"start":{"line":11,"column":0},"end":{"line":11,"column":9}},"11":{"start":{"line":12,"column":0},"end":{"line":12,"column":65}},"13":{"start":{"line":14,"column":0},"end":{"line":14,"column":10}},"14":{"start":{"line":15,"column":0},"end":{"line":15,"column":131}},"15":{"start":{"line":16,"column":0},"end":{"line":16,"column":52}},"16":{"start":{"line":17,"column":0},"end":{"line":17,"column":11}},"17":{"start":{"line":18,"column":0},"end":{"line":18,"column":29}},"19":{"start":{"line":20,"column":0},"end":{"line":20,"column":51}},"20":{"start":{"line":21,"column":0},"end":{"line":21,"column":17}},"21":{"start":{"line":22,"column":0},"end":{"line":22,"column":12}},"22":{"start":{"line":23,"column":0},"end":{"line":23,"column":13}},"24":{"start":{"line":25,"column":0},"end":{"line":25,"column":3}}},"s":{"0":0,"2":0,"3":0,"4":0,"5":0,"6":0,"7":0,"8":0,"9":0,"10":0,"11":0,"13":0,"14":0,"15":0,"16":0,"17":0,"19":0,"20":0,"21":0,"22":0,"24":0},"branchMap":{"0":{"type":"branch","line":1,"loc":{"start":{"line":1,"column":815},"end":{"line":25,"column":3}},"locations":[{"start":{"line":1,"column":815},"end":{"line":25,"column":3}}]}},"b":{"0":[0]},"fnMap":{"0":{"name":"(empty-report)","decl":{"start":{"line":1,"column":815},"end":{"line":25,"column":3}},"loc":{"start":{"line":1,"column":815},"end":{"line":25,"column":3}},"line":1}},"f":{"0":0}}
,"C:\\Users\\CHISTEV\\Documents\\arrow-duh-game\\src\\components\\Results.jsx": {"path":"C:\\Users\\CHISTEV\\Documents\\arrow-duh-game\\src\\components\\Results.jsx","all":true,"statementMap":{"0":{"start":{"line":1,"column":0},"end":{"line":1,"column":26}},"1":{"start":{"line":2,"column":0},"end":{"line":2,"column":32}},"2":{"start":{"line":3,"column":0},"end":{"line":3,"column":64}},"4":{"start":{"line":5,"column":0},"end":{"line":5,"column":105}},"5":{"start":{"line":6,"column":0},"end":{"line":6,"column":42}},"7":{"start":{"line":8,"column":0},"end":{"line":8,"column":10}},"8":{"start":{"line":9,"column":0},"end":{"line":9,"column":109}},"9":{"start":{"line":10,"column":0},"end":{"line":10,"column":81}},"10":{"start":{"line":11,"column":0},"end":{"line":11,"column":95}},"11":{"start":{"line":12,"column":0},"end":{"line":12,"column":62}},"12":{"start":{"line":13,"column":0},"end":{"line":13,"column":57}},"13":{"start":{"line":14,"column":0},"end":{"line":14,"column":53}},"14":{"start":{"line":15,"column":0},"end":{"line":15,"column":16}},"15":{"start":{"line":16,"column":0},"end":{"line":16,"column":76}},"16":{"start":{"line":17,"column":0},"end":{"line":17,"column":60}},"17":{"start":{"line":18,"column":0},"end":{"line":18,"column":10}},"18":{"start":{"line":19,"column":0},"end":{"line":19,"column":12}},"19":{"start":{"line":20,"column":0},"end":{"line":20,"column":45}},"20":{"start":{"line":21,"column":0},"end":{"line":21,"column":74}},"21":{"start":{"line":22,"column":0},"end":{"line":22,"column":68}},"22":{"start":{"line":23,"column":0},"end":{"line":23,"column":46}},"23":{"start":{"line":24,"column":0},"end":{"line":24,"column":16}},"24":{"start":{"line":25,"column":0},"end":{"line":25,"column":34}},"25":{"start":{"line":26,"column":0},"end":{"line":26,"column":51}},"26":{"start":{"line":27,"column":0},"end":{"line":27,"column":44}},"27":{"start":{"line":28,"column":0},"end":{"line":28,"column":61}},"28":{"start":{"line":29,"column":0},"end":{"line":29,"column":53}},"29":{"start":{"line":30,"column":0},"end":{"line":30,"column":17}},"31":{"start":{"line":32,"column":0},"end":{"line":32,"column":65}},"32":{"start":{"line":33,"column":0},"end":{"line":33,"column":81}},"33":{"start":{"line":34,"column":0},"end":{"line":34,"column":47}},"34":{"start":{"line":35,"column":0},"end":{"line":35,"column":56}},"35":{"start":{"line":36,"column":0},"end":{"line":36,"column":100}},"36":{"start":{"line":37,"column":0},"end":{"line":37,"column":20}},"38":{"start":{"line":39,"column":0},"end":{"line":39,"column":74}},"40":{"start":{"line":41,"column":0},"end":{"line":41,"column":18}},"41":{"start":{"line":42,"column":0},"end":{"line":42,"column":13}},"42":{"start":{"line":43,"column":0},"end":{"line":43,"column":14}},"43":{"start":{"line":44,"column":0},"end":{"line":44,"column":12}},"44":{"start":{"line":45,"column":0},"end":{"line":45,"column":64}},"45":{"start":{"line":46,"column":0},"end":{"line":46,"column":15}},"46":{"start":{"line":47,"column":0},"end":{"line":47,"column":26}},"47":{"start":{"line":48,"column":0},"end":{"line":48,"column":69}},"48":{"start":{"line":49,"column":0},"end":{"line":49,"column":24}},"49":{"start":{"line":50,"column":0},"end":{"line":50,"column":39}},"50":{"start":{"line":51,"column":0},"end":{"line":51,"column":37}},"51":{"start":{"line":52,"column":0},"end":{"line":52,"column":12}},"52":{"start":{"line":53,"column":0},"end":{"line":53,"column":155}},"53":{"start":{"line":54,"column":0},"end":{"line":54,"column":9}},"55":{"start":{"line":56,"column":0},"end":{"line":56,"column":17}},"56":{"start":{"line":57,"column":0},"end":{"line":57,"column":15}},"57":{"start":{"line":58,"column":0},"end":{"line":58,"column":50}},"58":{"start":{"line":59,"column":0},"end":{"line":59,"column":129}},"59":{"start":{"line":60,"column":0},"end":{"line":60,"column":9}},"61":{"start":{"line":62,"column":0},"end":{"line":62,"column":17}},"62":{"start":{"line":63,"column":0},"end":{"line":63,"column":12}},"63":{"start":{"line":64,"column":0},"end":{"line":64,"column":10}},"65":{"start":{"line":66,"column":0},"end":{"line":66,"column":1}}},"s":{"0":0,"1":0,"2":0,"4":0,"5":0,"7":0,"8":0,"9":0,"10":0,"11":0,"12":0,"13":0,"14":0,"15":0,"16":0,"17":0,"18":0,"19":0,"20":0,"21":0,"22":0,"23":0,"24":0,"25":0,"26":0,"27":0,"28":0,"29":0,"31":0,"32":0,"33":0,"34":0,"35":0,"36":0,"38":0,"40":0,"41":0,"42":0,"43":0,"44":0,"45":0,"46":0,"47":0,"48":0,"49":0,"50":0,"51":0,"52":0,"53":0,"55":0,"56":0,"57":0,"58":0,"59":0,"61":0,"62":0,"63":0,"65":0},"branchMap":{"0":{"type":"branch","line":1,"loc":{"start":{"line":1,"column":2853},"end":{"line":66,"column":1}},"locations":[{"start":{"line":1,"column":2853},"end":{"line":66,"column":1}}]}},"b":{"0":[0]},"fnMap":{"0":{"name":"(empty-report)","decl":{"start":{"line":1,"column":2853},"end":{"line":66,"column":1}},"loc":{"start":{"line":1,"column":2853},"end":{"line":66,"column":1}},"line":1}},"f":{"0":0}}
,"C:\\Users\\CHISTEV\\Documents\\arrow-duh-game\\src\\components\\Settings.jsx": {"path":"C:\\Users\\CHISTEV\\Documents\\arrow-duh-game\\src\\components\\Settings.jsx","all":true,"statementMap":{"0":{"start":{"line":1,"column":0},"end":{"line":1,"column":26}},"2":{"start":{"line":3,"column":0},"end":{"line":3,"column":34}},"3":{"start":{"line":4,"column":0},"end":{"line":4,"column":7}},"4":{"start":{"line":5,"column":0},"end":{"line":5,"column":10}},"5":{"start":{"line":6,"column":0},"end":{"line":6,"column":11}},"6":{"start":{"line":7,"column":0},"end":{"line":7,"column":14}},"7":{"start":{"line":8,"column":0},"end":{"line":8,"column":19}},"8":{"start":{"line":9,"column":0},"end":{"line":9,"column":14}},"9":{"start":{"line":10,"column":0},"end":{"line":10,"column":17}},"10":{"start":{"line":11,"column":0},"end":{"line":11,"column":23}},"11":{"start":{"line":12,"column":0},"end":{"line":12,"column":4}},"12":{"start":{"line":13,"column":0},"end":{"line":13,"column":10}},"13":{"start":{"line":14,"column":0},"end":{"line":14,"column":109}},"14":{"start":{"line":15,"column":0},"end":{"line":15,"column":82}},"15":{"start":{"line":16,"column":0},"end":{"line":16,"column":64}},"16":{"start":{"line":17,"column":0},"end":{"line":17,"column":45}},"17":{"start":{"line":18,"column":0},"end":{"line":18,"column":81}},"18":{"start":{"line":19,"column":0},"end":{"line":19,"column":17}},"19":{"start":{"line":20,"column":0},"end":{"line":20,"column":24}},"20":{"start":{"line":21,"column":0},"end":{"line":21,"column":30}},"21":{"start":{"line":22,"column":0},"end":{"line":22,"column":38}},"22":{"start":{"line":23,"column":0},"end":{"line":23,"column":50}},"23":{"start":{"line":24,"column":0},"end":{"line":24,"column":75}},"24":{"start":{"line":25,"column":0},"end":{"line":25,"column":15}},"25":{"start":{"line":26,"column":0},"end":{"line":26,"column":14}},"26":{"start":{"line":27,"column":0},"end":{"line":27,"column":132}},"28":{"start":{"line":29,"column":0},"end":{"line":29,"column":53}},"29":{"start":{"line":30,"column":0},"end":{"line":30,"column":62}},"30":{"start":{"line":31,"column":0},"end":{"line":31,"column":73}},"31":{"start":{"line":32,"column":0},"end":{"line":32,"column":64}},"32":{"start":{"line":33,"column":0},"end":{"line":33,"column":19}},"33":{"start":{"line":34,"column":0},"end":{"line":34,"column":14}},"34":{"start":{"line":35,"column":0},"end":{"line":35,"column":45}},"35":{"start":{"line":36,"column":0},"end":{"line":36,"column":77}},"36":{"start":{"line":37,"column":0},"end":{"line":37,"column":17}},"37":{"start":{"line":38,"column":0},"end":{"line":38,"column":50}},"38":{"start":{"line":39,"column":0},"end":{"line":39,"column":79}},"39":{"start":{"line":40,"column":0},"end":{"line":40,"column":22}},"40":{"start":{"line":41,"column":0},"end":{"line":41,"column":79}},"41":{"start":{"line":42,"column":0},"end":{"line":42,"column":94}},"42":{"start":{"line":43,"column":0},"end":{"line":43,"column":15}},"44":{"start":{"line":45,"column":0},"end":{"line":45,"column":59}},"45":{"start":{"line":46,"column":0},"end":{"line":46,"column":19}},"46":{"start":{"line":47,"column":0},"end":{"line":47,"column":14}},"47":{"start":{"line":48,"column":0},"end":{"line":48,"column":45}},"48":{"start":{"line":49,"column":0},"end":{"line":49,"column":119}},"49":{"start":{"line":50,"column":0},"end":{"line":50,"column":16}},"50":{"start":{"line":51,"column":0},"end":{"line":51,"column":24}},"51":{"start":{"line":52,"column":0},"end":{"line":52,"column":19}},"52":{"start":{"line":53,"column":0},"end":{"line":53,"column":19}},"53":{"start":{"line":54,"column":0},"end":{"line":54,"column":23}},"54":{"start":{"line":55,"column":0},"end":{"line":55,"column":31}},"55":{"start":{"line":56,"column":0},"end":{"line":56,"column":72}},"56":{"start":{"line":57,"column":0},"end":{"line":57,"column":105}},"57":{"start":{"line":58,"column":0},"end":{"line":58,"column":12}},"58":{"start":{"line":59,"column":0},"end":{"line":59,"column":14}},"59":{"start":{"line":60,"column":0},"end":{"line":60,"column":15}},"60":{"start":{"line":61,"column":0},"end":{"line":61,"column":50}},"61":{"start":{"line":62,"column":0},"end":{"line":62,"column":155}},"62":{"start":{"line":63,"column":0},"end":{"line":63,"column":9}},"64":{"start":{"line":65,"column":0},"end":{"line":65,"column":17}},"65":{"start":{"line":66,"column":0},"end":{"line":66,"column":12}},"66":{"start":{"line":67,"column":0},"end":{"line":67,"column":10}},"68":{"start":{"line":69,"column":0},"end":{"line":69,"column":1}}},"s":{"0":0,"2":0,"3":0,"4":0,"5":0,"6":0,"7":0,"8":0,"9":0,"10":0,"11":0,"12":0,"13":0,"14":0,"15":0,"16":0,"17":0,"18":0,"19":0,"20":0,"21":0,"22":0,"23":0,"24":0,"25":0,"26":0,"28":0,"29":0,"30":0,"31":0,"32":0,"33":0,"34":0,"35":0,"36":0,"37":0,"38":0,"39":0,"40":0,"41":0,"42":0,"44":0,"45":0,"46":0,"47":0,"48":0,"49":0,"50":0,"51":0,"52":0,"53":0,"54":0,"55":0,"56":0,"57":0,"58":0,"59":0,"60":0,"61":0,"62":0,"64":0,"65":0,"66":0,"68":0},"branchMap":{"0":{"type":"branch","line":1,"loc":{"start":{"line":1,"column":2772},"end":{"line":69,"column":1}},"locations":[{"start":{"line":1,"column":2772},"end":{"line":69,"column":1}}]}},"b":{"0":[0]},"fnMap":{"0":{"name":"(empty-report)","decl":{"start":{"line":1,"column":2772},"end":{"line":69,"column":1}},"loc":{"start":{"line":1,"column":2772},"end":{"line":69,"column":1}},"line":1}},"f":{"0":0}}
,"C:\\Users\\CHISTEV\\Documents\\arrow-duh-game\\src\\components\\achievements.js": {"path":"C:\\Users\\CHISTEV\\Documents\\arrow-duh-game\\src\\components\\achievements.js","all":true,"statementMap":{"0":{"start":{"line":1,"column":0},"end":{"line":1,"column":29}},"1":{"start":{"line":2,"column":0},"end":{"line":2,"column":142}},"2":{"start":{"line":3,"column":0},"end":{"line":3,"column":165}},"3":{"start":{"line":4,"column":0},"end":{"line":4,"column":173}},"4":{"start":{"line":5,"column":0},"end":{"line":5,"column":197}},"5":{"start":{"line":6,"column":0},"end":{"line":6,"column":124}},"6":{"start":{"line":7,"column":0},"end":{"line":7,"column":2}},"7":{"start":{"line":8,"column":0},"end":{"line":8,"column":0}},"8":{"start":{"line":9,"column":0},"end":{"line":9,"column":39}},"9":{"start":{"line":10,"column":0},"end":{"line":10,"column":39}},"10":{"start":{"line":11,"column":0},"end":{"line":11,"column":54}},"11":{"start":{"line":12,"column":0},"end":{"line":12,"column":42}},"12":{"start":{"line":13,"column":0},"end":{"line":13,"column":2}},"13":{"start":{"line":14,"column":0},"end":{"line":14,"column":0}},"14":{"start":{"line":15,"column":0},"end":{"line":15,"column":37}},"15":{"start":{"line":16,"column":0},"end":{"line":16,"column":51}},"16":{"start":{"line":17,"column":0},"end":{"line":17,"column":69}},"17":{"start":{"line":18,"column":0},"end":{"line":18,"column":2}},"18":{"start":{"line":19,"column":0},"end":{"line":19,"column":0}},"19":{"start":{"line":20,"column":0},"end":{"line":20,"column":32}},"20":{"start":{"line":21,"column":0},"end":{"line":21,"column":72}},"21":{"start":{"line":22,"column":0},"end":{"line":22,"column":53}},"22":{"start":{"line":23,"column":0},"end":{"line":23,"column":41}},"23":{"start":{"line":24,"column":0},"end":{"line":24,"column":81}},"24":{"start":{"line":25,"column":0},"end":{"line":25,"column":95}},"25":{"start":{"line":26,"column":0},"end":{"line":26,"column":5}},"26":{"start":{"line":27,"column":0},"end":{"line":27,"column":5}},"27":{"start":{"line":28,"column":0},"end":{"line":28,"column":36}},"28":{"start":{"line":29,"column":0},"end":{"line":29,"column":25}},"29":{"start":{"line":30,"column":0},"end":{"line":30,"column":2}}},"s":{"0":0,"1":0,"2":0,"3":0,"4":0,"5":0,"6":0,"7":0,"8":0,"9":0,"10":0,"11":0,"12":0,"13":0,"14":0,"15":0,"16":0,"17":0,"18":0,"19":0,"20":0,"21":0,"22":0,"23":0,"24":0,"25":0,"26":0,"27":0,"28":0,"29":0},"branchMap":{"0":{"type":"branch","line":1,"loc":{"start":{"line":1,"column":1672},"end":{"line":30,"column":2}},"locations":[{"start":{"line":1,"column":1672},"end":{"line":30,"column":2}}]}},"b":{"0":[0]},"fnMap":{"0":{"name":"(empty-report)","decl":{"start":{"line":1,"column":1672},"end":{"line":30,"column":2}},"loc":{"start":{"line":1,"column":1672},"end":{"line":30,"column":2}},"line":1}},"f":{"0":0}}
,"C:\\Users\\CHISTEV\\Documents\\arrow-duh-game\\src\\utils\\sound.js": {"path":"C:\\Users\\CHISTEV\\Documents\\arrow-duh-game\\src\\utils\\sound.js","all":true,"statementMap":{"0":{"start":{"line":1,"column":0},"end":{"line":1,"column":8}},"1":{"start":{"line":2,"column":0},"end":{"line":2,"column":0}},"2":{"start":{"line":3,"column":0},"end":{"line":3,"column":31}},"3":{"start":{"line":4,"column":0},"end":{"line":4,"column":13}},"4":{"start":{"line":5,"column":0},"end":{"line":5,"column":67}},"5":{"start":{"line":6,"column":0},"end":{"line":6,"column":3}},"6":{"start":{"line":7,"column":0},"end":{"line":7,"column":13}},"7":{"start":{"line":8,"column":0},"end":{"line":8,"column":2}},"8":{"start":{"line":9,"column":0},"end":{"line":9,"column":0}},"9":{"start":{"line":10,"column":0},"end":{"line":10,"column":45}},"10":{"start":{"line":11,"column":0},"end":{"line":11,"column":32}},"11":{"start":{"line":12,"column":0},"end":{"line":12,"column":44}},"12":{"start":{"line":13,"column":0},"end":{"line":13,"column":36}},"13":{"start":{"line":14,"column":0},"end":{"line":14,"column":0}},"14":{"start":{"line":15,"column":0},"end":{"line":15,"column":31}},"15":{"start":{"line":16,"column":0},"end":{"line":16,"column":36}},"16":{"start":{"line":17,"column":0},"end":{"line":17,"column":0}},"17":{"start":{"line":18,"column":0},"end":{"line":18,"column":27}},"18":{"start":{"line":19,"column":0},"end":{"line":19,"column":60}},"19":{"start":{"line":20,"column":0},"end":{"line":20,"column":75}},"20":{"start":{"line":21,"column":0},"end":{"line":21,"column":62}},"21":{"start":{"line":22,"column":0},"end":{"line":22,"column":75}},"22":{"start":{"line":23,"column":0},"end":{"line":23,"column":0}},"23":{"start":{"line":24,"column":0},"end":{"line":24,"column":36}},"24":{"start":{"line":25,"column":0},"end":{"line":25,"column":41}},"25":{"start":{"line":26,"column":0},"end":{"line":26,"column":2}},"26":{"start":{"line":27,"column":0},"end":{"line":27,"column":0}},"27":{"start":{"line":28,"column":0},"end":{"line":28,"column":85}},"28":{"start":{"line":29,"column":0},"end":{"line":29,"column":46}},"29":{"start":{"line":30,"column":0},"end":{"line":30,"column":32}},"30":{"start":{"line":31,"column":0},"end":{"line":31,"column":44}},"31":{"start":{"line":32,"column":0},"end":{"line":32,"column":36}},"32":{"start":{"line":33,"column":0},"end":{"line":33,"column":0}},"33":{"start":{"line":34,"column":0},"end":{"line":34,"column":31}},"34":{"start":{"line":35,"column":0},"end":{"line":35,"column":36}},"35":{"start":{"line":36,"column":0},"end":{"line":36,"column":0}},"36":{"start":{"line":37,"column":0},"end":{"line":37,"column":29}},"37":{"start":{"line":38,"column":0},"end":{"line":38,"column":60}},"38":{"start":{"line":39,"column":0},"end":{"line":39,"column":75}},"39":{"start":{"line":40,"column":0},"end":{"line":40,"column":62}},"40":{"start":{"line":41,"column":0},"end":{"line":41,"column":75}},"41":{"start":{"line":42,"column":0},"end":{"line":42,"column":0}},"42":{"start":{"line":43,"column":0},"end":{"line":43,"column":36}},"43":{"start":{"line":44,"column":0},"end":{"line":44,"column":41}},"44":{"start":{"line":45,"column":0},"end":{"line":45,"column":2}},"45":{"start":{"line":46,"column":0},"end":{"line":46,"column":0}},"46":{"start":{"line":47,"column":0},"end":{"line":47,"column":47}},"47":{"start":{"line":48,"column":0},"end":{"line":48,"column":32}},"48":{"start":{"line":49,"column":0},"end":{"line":49,"column":44}},"49":{"start":{"line":50,"column":0},"end":{"line":50,"column":36}},"50":{"start":{"line":51,"column":0},"end":{"line":51,"column":0}},"51":{"start":{"line":52,"column":0},"end":{"line":52,"column":31}},"52":{"start":{"line":53,"column":0},"end":{"line":53,"column":36}},"53":{"start":{"line":54,"column":0},"end":{"line":54,"column":0}},"54":{"start":{"line":55,"column":0},"end":{"line":55,"column":31}},"55":{"start":{"line":56,"column":0},"end":{"line":56,"column":61}},"56":{"start":{"line":57,"column":0},"end":{"line":57,"column":62}},"57":{"start":{"line":58,"column":0},"end":{"line":58,"column":75}},"58":{"start":{"line":59,"column":0},"end":{"line":59,"column":0}},"59":{"start":{"line":60,"column":0},"end":{"line":60,"column":36}},"60":{"start":{"line":61,"column":0},"end":{"line":61,"column":41}},"61":{"start":{"line":62,"column":0},"end":{"line":62,"column":2}},"62":{"start":{"line":63,"column":0},"end":{"line":63,"column":0}},"63":{"start":{"line":64,"column":0},"end":{"line":64,"column":57}},"64":{"start":{"line":65,"column":0},"end":{"line":65,"column":32}},"65":{"start":{"line":66,"column":0},"end":{"line":66,"column":44}},"66":{"start":{"line":67,"column":0},"end":{"line":67,"column":36}},"67":{"start":{"line":68,"column":0},"end":{"line":68,"column":0}},"68":{"start":{"line":69,"column":0},"end":{"line":69,"column":31}},"69":{"start":{"line":70,"column":0},"end":{"line":70,"column":36}},"70":{"start":{"line":71,"column":0},"end":{"line":71,"column":0}},"71":{"start":{"line":72,"column":0},"end":{"line":72,"column":27}},"72":{"start":{"line":73,"column":0},"end":{"line":73,"column":60}},"73":{"start":{"line":74,"column":0},"end":{"line":74,"column":75}},"74":{"start":{"line":75,"column":0},"end":{"line":75,"column":62}},"75":{"start":{"line":76,"column":0},"end":{"line":76,"column":75}},"76":{"start":{"line":77,"column":0},"end":{"line":77,"column":0}},"77":{"start":{"line":78,"column":0},"end":{"line":78,"column":36}},"78":{"start":{"line":79,"column":0},"end":{"line":79,"column":41}},"79":{"start":{"line":80,"column":0},"end":{"line":80,"column":2}}},"s":{"0":0,"1":0,"2":0,"3":0,"4":0,"5":0,"6":0,"7":0,"8":0,"9":0,"10":0,"11":0,"12":0,"13":0,"14":0,"15":0,"16":0,"17":0,"18":0,"19":0,"20":0,"21":0,"22":0,"23":0,"24":0,"25":0,"26":0,"27":0,"28":0,"29":0,"30":0,"31":0,"32":0,"33":0,"34":0,"35":0,"36":0,"37":0,"38":0,"39":0,"40":0,"41":0,"42":0,"43":0,"44":0,"45":0,"46":0,"47":0,"48":0,"49":0,"50":0,"51":0,"52":0,"53":0,"54":0,"55":0,"56":0,"57":0,"58":0,"59":0,"60":0,"61":0,"62":0,"63":0,"64":0,"65":0,"66":0,"67":0,"68":0,"69":0,"70":0,"71":0,"72":0,"73":0,"74":0,"75":0,"76":0,"77":0,"78":0,"79":0},"branchMap":{"0":{"type":"branch","line":1,"loc":{"start":{"line":1,"column":2735},"end":{"line":80,"column":2}},"locations":[{"start":{"line":1,"column":2735},"end":{"line":80,"column":2}}]}},"b":{"0":[0]},"fnMap":{"0":{"name":"(empty-report)","decl":{"start":{"line":1,"column":2735},"end":{"line":80,"column":2}},"loc":{"start":{"line":1,"column":2735},"end":{"line":80,"column":2}},"line":1}},"f":{"0":0}}
}
